{"meta": {"version": "5.0.2", "timestamp": "2020-01-17T13:41:22.495421", "branch_coverage": false, "show_contexts": false}, "files": {"mid.py": {"executed_lines": [2, 3, 4, 5, 12], "summary": {"covered_lines": 5, "num_statements": 12, "percent_covered": 41.666666666666664, "missing_lines": 7, "excluded_lines": 0}, "missing_lines": [1, 6, 7, 8, 9, 10, 11], "excluded_lines": []}}, "totals": {"covered_lines": 5, "num_statements": 12, "percent_covered": 41.666666666666664, "missing_lines": 7, "excluded_lines": 0}}