{"meta": {"version": "5.0.2", "timestamp": "2020-01-11T16:56:31.171973", "branch_coverage": false, "show_contexts": false}, "files": {"Mid_4b_v1.py": {"executed_lines": [2, 3, 8, 10, 12], "summary": {"covered_lines": 5, "num_statements": 12, "percent_covered": 41.666666666666664, "missing_lines": 7, "excluded_lines": 0}, "missing_lines": [1, 4, 5, 6, 7, 9, 11], "excluded_lines": []}}, "totals": {"covered_lines": 5, "num_statements": 12, "percent_covered": 41.666666666666664, "missing_lines": 7, "excluded_lines": 0}}